2023-08-17 16:11:11.1982|ERROR|Members.PrecisionSample.Clikflow.Filters.LoggerAttribute|/cr/RdjsonInsert?userid=1422159267&uid=6523372038843517016&cid=491&uig=a3c18576-2964-4f3f-9f1f-84e58bdeedf6&ug=06e0a162-0f0c-48b8-a4db-04cafb836616&pid=368210&cleanIDJson=undefined|http://dev.affiliate.clickflow.com/cr/RdjsonInsert?userid=1422159267&uid=6523372038843517016&cid=491&uig=a3c18576-2964-4f3f-9f1f-84e58bdeedf6&ug=06e0a162-0f0c-48b8-a4db-04cafb836616&pid=368210&cleanIDJson=undefined||System.Data.SqlClient.SqlException (0x80131904): JSON text is not properly formatted. Unexpected character 'u' is found at position 0.
   at Members.PrecisionSample.Components.Data_Layer.ClickflowDataServer.RdjsonInsert(Int32 userid, String uid, Int32 cid, String uig, String CleanIDJson, String IPQSJson) in D:\Projects\SDL OffShore Devlopment and Support\SDL_Prod\PS2.0 WLSites\WL.PrecisionSample\Members.PrecisionSample.Components\Data Layer\ClickflowDataServer.cs:line 942
   at Members.PrecisionSample.Components.Business_Layer.ClickflowManager.RdjsonInsert(Int32 userid, String uid, Int32 cid, String uig, String CleanIDJson, String IPQSJson) in D:\Projects\SDL OffShore Devlopment and Support\SDL_Prod\PS2.0 WLSites\WL.PrecisionSample\Members.PrecisionSample.Components\Business Layer\ClickflowManager.cs:line 216
   at Members.PrecisionSample.Clikflow.Controllers.crController.RdjsonInsert(Int32 userid, String uid, Int32 cid, String uig, String ug, Int32 pid, String cleanIDJson) in D:\Projects\SDL OffShore Devlopment and Support\SDL_Prod\PS2.0 WLSites\WL.PrecisionSample\Members.PrecisionSample.Clikflow\Controllers\crController.cs:line 671
   at lambda_method(Closure , ControllerBase , Object[] )
   at System.Web.Mvc.ReflectedActionDescriptor.Execute(ControllerContext controllerContext, IDictionary`2 parameters)
   at System.Web.Mvc.ControllerActionInvoker.InvokeActionMethod(ControllerContext controllerContext, ActionDescriptor actionDescriptor, IDictionary`2 parameters)
   at System.Web.Mvc.Async.AsyncControllerActionInvoker.<BeginInvokeSynchronousActionMethod>b__39(IAsyncResult asyncResult, ActionInvocation innerInvokeState)
   at System.Web.Mvc.Async.AsyncResultWrapper.WrappedAsyncResult`2.CallEndDelegate(IAsyncResult asyncResult)
   at System.Web.Mvc.Async.AsyncControllerActionInvoker.EndInvokeActionMethod(IAsyncResult asyncResult)
   at System.Web.Mvc.Async.AsyncControllerActionInvoker.AsyncInvocationWithFilters.<InvokeActionMethodFilterAsynchronouslyRecursive>b__3d()
   at System.Web.Mvc.Async.AsyncControllerActionInvoker.AsyncInvocationWithFilters.<>c__DisplayClass46.<InvokeActionMethodFilterAsynchronouslyRecursive>b__3f()
ClientConnectionId:56512120-3677-4d28-9267-42c6898e4519
Error Number:13609,State:4,Class:16
2023-08-17 16:11:12.9658|ERROR|Members.PrecisionSample.Clikflow.Filters.LoggerAttribute|/cr/RdjsonInsert?userid=1422159267&uid=6523372038843517016&cid=491&uig=a3c18576-2964-4f3f-9f1f-84e58bdeedf6&ug=06e0a162-0f0c-48b8-a4db-04cafb836616&pid=368210&cleanIDJson=undefined|http://dev.affiliate.clickflow.com/cr/RdjsonInsert?userid=1422159267&uid=6523372038843517016&cid=491&uig=a3c18576-2964-4f3f-9f1f-84e58bdeedf6&ug=06e0a162-0f0c-48b8-a4db-04cafb836616&pid=368210&cleanIDJson=undefined||System.Data.SqlClient.SqlException (0x80131904): JSON text is not properly formatted. Unexpected character 'u' is found at position 0.
   at Members.PrecisionSample.Components.Data_Layer.ClickflowDataServer.RdjsonInsert(Int32 userid, String uid, Int32 cid, String uig, String CleanIDJson, String IPQSJson) in D:\Projects\SDL OffShore Devlopment and Support\SDL_Prod\PS2.0 WLSites\WL.PrecisionSample\Members.PrecisionSample.Components\Data Layer\ClickflowDataServer.cs:line 942
   at Members.PrecisionSample.Components.Business_Layer.ClickflowManager.RdjsonInsert(Int32 userid, String uid, Int32 cid, String uig, String CleanIDJson, String IPQSJson) in D:\Projects\SDL OffShore Devlopment and Support\SDL_Prod\PS2.0 WLSites\WL.PrecisionSample\Members.PrecisionSample.Components\Business Layer\ClickflowManager.cs:line 216
   at Members.PrecisionSample.Clikflow.Controllers.crController.RdjsonInsert(Int32 userid, String uid, Int32 cid, String uig, String ug, Int32 pid, String cleanIDJson) in D:\Projects\SDL OffShore Devlopment and Support\SDL_Prod\PS2.0 WLSites\WL.PrecisionSample\Members.PrecisionSample.Clikflow\Controllers\crController.cs:line 671
   at lambda_method(Closure , ControllerBase , Object[] )
   at System.Web.Mvc.ReflectedActionDescriptor.Execute(ControllerContext controllerContext, IDictionary`2 parameters)
   at System.Web.Mvc.ControllerActionInvoker.InvokeActionMethod(ControllerContext controllerContext, ActionDescriptor actionDescriptor, IDictionary`2 parameters)
   at System.Web.Mvc.Async.AsyncControllerActionInvoker.<BeginInvokeSynchronousActionMethod>b__39(IAsyncResult asyncResult, ActionInvocation innerInvokeState)
   at System.Web.Mvc.Async.AsyncResultWrapper.WrappedAsyncResult`2.CallEndDelegate(IAsyncResult asyncResult)
   at System.Web.Mvc.Async.AsyncControllerActionInvoker.EndInvokeActionMethod(IAsyncResult asyncResult)
   at System.Web.Mvc.Async.AsyncControllerActionInvoker.AsyncInvocationWithFilters.<InvokeActionMethodFilterAsynchronouslyRecursive>b__3d()
   at System.Web.Mvc.Async.AsyncControllerActionInvoker.AsyncInvocationWithFilters.<>c__DisplayClass46.<InvokeActionMethodFilterAsynchronouslyRecursive>b__3f()
ClientConnectionId:52f66890-5ce4-457c-a1ac-c2fc0e553bba
Error Number:13609,State:4,Class:16
2023-08-17 16:11:55.0408|FATAL|onerrorLogger|{"msg":"Uncaught Exception","errorMsg":"Script error.","url":"","line number":0,"column":0}
2023-08-17 16:11:55.2068|ERROR|Members.PrecisionSample.Clikflow.Filters.LoggerAttribute|/cr/RdjsonInsert?userid=1422159267&uid=6523372038843517016&cid=491&uig=a3c18576-2964-4f3f-9f1f-84e58bdeedf6&ug=06e0a162-0f0c-48b8-a4db-04cafb836616&pid=368210&cleanIDJson=undefined|http://dev.affiliate.clickflow.com/cr/RdjsonInsert?userid=1422159267&uid=6523372038843517016&cid=491&uig=a3c18576-2964-4f3f-9f1f-84e58bdeedf6&ug=06e0a162-0f0c-48b8-a4db-04cafb836616&pid=368210&cleanIDJson=undefined||System.Data.SqlClient.SqlException (0x80131904): JSON text is not properly formatted. Unexpected character 'u' is found at position 0.
   at Members.PrecisionSample.Components.Data_Layer.ClickflowDataServer.RdjsonInsert(Int32 userid, String uid, Int32 cid, String uig, String CleanIDJson, String IPQSJson) in D:\Projects\SDL OffShore Devlopment and Support\SDL_Prod\PS2.0 WLSites\WL.PrecisionSample\Members.PrecisionSample.Components\Data Layer\ClickflowDataServer.cs:line 942
   at Members.PrecisionSample.Components.Business_Layer.ClickflowManager.RdjsonInsert(Int32 userid, String uid, Int32 cid, String uig, String CleanIDJson, String IPQSJson) in D:\Projects\SDL OffShore Devlopment and Support\SDL_Prod\PS2.0 WLSites\WL.PrecisionSample\Members.PrecisionSample.Components\Business Layer\ClickflowManager.cs:line 216
   at Members.PrecisionSample.Clikflow.Controllers.crController.RdjsonInsert(Int32 userid, String uid, Int32 cid, String uig, String ug, Int32 pid, String cleanIDJson) in D:\Projects\SDL OffShore Devlopment and Support\SDL_Prod\PS2.0 WLSites\WL.PrecisionSample\Members.PrecisionSample.Clikflow\Controllers\crController.cs:line 671
   at lambda_method(Closure , ControllerBase , Object[] )
   at System.Web.Mvc.ReflectedActionDescriptor.Execute(ControllerContext controllerContext, IDictionary`2 parameters)
   at System.Web.Mvc.ControllerActionInvoker.InvokeActionMethod(ControllerContext controllerContext, ActionDescriptor actionDescriptor, IDictionary`2 parameters)
   at System.Web.Mvc.Async.AsyncControllerActionInvoker.<BeginInvokeSynchronousActionMethod>b__39(IAsyncResult asyncResult, ActionInvocation innerInvokeState)
   at System.Web.Mvc.Async.AsyncResultWrapper.WrappedAsyncResult`2.CallEndDelegate(IAsyncResult asyncResult)
   at System.Web.Mvc.Async.AsyncControllerActionInvoker.EndInvokeActionMethod(IAsyncResult asyncResult)
   at System.Web.Mvc.Async.AsyncControllerActionInvoker.AsyncInvocationWithFilters.<InvokeActionMethodFilterAsynchronouslyRecursive>b__3d()
   at System.Web.Mvc.Async.AsyncControllerActionInvoker.AsyncInvocationWithFilters.<>c__DisplayClass46.<InvokeActionMethodFilterAsynchronouslyRecursive>b__3f()
ClientConnectionId:52f66890-5ce4-457c-a1ac-c2fc0e553bba
Error Number:13609,State:4,Class:16
2023-08-17 16:11:56.3468|ERROR|Members.PrecisionSample.Clikflow.Filters.LoggerAttribute|/cr/RdjsonInsert?userid=1422159267&uid=6523372038843517016&cid=491&uig=a3c18576-2964-4f3f-9f1f-84e58bdeedf6&ug=06e0a162-0f0c-48b8-a4db-04cafb836616&pid=368210&cleanIDJson=undefined|http://dev.affiliate.clickflow.com/cr/RdjsonInsert?userid=1422159267&uid=6523372038843517016&cid=491&uig=a3c18576-2964-4f3f-9f1f-84e58bdeedf6&ug=06e0a162-0f0c-48b8-a4db-04cafb836616&pid=368210&cleanIDJson=undefined||System.Data.SqlClient.SqlException (0x80131904): JSON text is not properly formatted. Unexpected character 'u' is found at position 0.
   at Members.PrecisionSample.Components.Data_Layer.ClickflowDataServer.RdjsonInsert(Int32 userid, String uid, Int32 cid, String uig, String CleanIDJson, String IPQSJson) in D:\Projects\SDL OffShore Devlopment and Support\SDL_Prod\PS2.0 WLSites\WL.PrecisionSample\Members.PrecisionSample.Components\Data Layer\ClickflowDataServer.cs:line 942
   at Members.PrecisionSample.Components.Business_Layer.ClickflowManager.RdjsonInsert(Int32 userid, String uid, Int32 cid, String uig, String CleanIDJson, String IPQSJson) in D:\Projects\SDL OffShore Devlopment and Support\SDL_Prod\PS2.0 WLSites\WL.PrecisionSample\Members.PrecisionSample.Components\Business Layer\ClickflowManager.cs:line 216
   at Members.PrecisionSample.Clikflow.Controllers.crController.RdjsonInsert(Int32 userid, String uid, Int32 cid, String uig, String ug, Int32 pid, String cleanIDJson) in D:\Projects\SDL OffShore Devlopment and Support\SDL_Prod\PS2.0 WLSites\WL.PrecisionSample\Members.PrecisionSample.Clikflow\Controllers\crController.cs:line 671
   at lambda_method(Closure , ControllerBase , Object[] )
   at System.Web.Mvc.ReflectedActionDescriptor.Execute(ControllerContext controllerContext, IDictionary`2 parameters)
   at System.Web.Mvc.ControllerActionInvoker.InvokeActionMethod(ControllerContext controllerContext, ActionDescriptor actionDescriptor, IDictionary`2 parameters)
   at System.Web.Mvc.Async.AsyncControllerActionInvoker.<BeginInvokeSynchronousActionMethod>b__39(IAsyncResult asyncResult, ActionInvocation innerInvokeState)
   at System.Web.Mvc.Async.AsyncResultWrapper.WrappedAsyncResult`2.CallEndDelegate(IAsyncResult asyncResult)
   at System.Web.Mvc.Async.AsyncControllerActionInvoker.EndInvokeActionMethod(IAsyncResult asyncResult)
   at System.Web.Mvc.Async.AsyncControllerActionInvoker.AsyncInvocationWithFilters.<InvokeActionMethodFilterAsynchronouslyRecursive>b__3d()
   at System.Web.Mvc.Async.AsyncControllerActionInvoker.AsyncInvocationWithFilters.<>c__DisplayClass46.<InvokeActionMethodFilterAsynchronouslyRecursive>b__3f()
ClientConnectionId:b4e3946a-4e22-45ef-b0a3-97351aba3dcb
Error Number:13609,State:4,Class:16
