2025-07-24 15:32:58.8188|DEBUG|Members.OpinionBar.Web.Controllers.HomeController|XverifyCall|http://dev.op.ps.com/Home/vldEmail?email=saiv17567@gmail.com| IPAddress :127.0.0.1| Domain :opinionbar.com| API :https://www.xverify.com/services/emails/verify/?email=saiv17567@gmail.com&type=xml&apikey=1000117-B5BM4DLJ&domain=opinionbar.com| response :<?xml version="1.0" ?>
<email>
	<syntax>1</syntax>
	<handle>saiv17567</handle>
	<domain>gmail.com</domain>
	<catch_all>no</catch_all>
	<auto_correct>
		<corrected>false</corrected>
	</auto_correct>
	<error>0</error>
	<message>Email is verified</message>
	<address>saiv17567@gmail.com</address>
	<status>valid</status>
	<duration>2.9103</duration>
	<responsecode>1</responsecode>
</email>

2025-07-24 15:33:05.0071|DEBUG|Members.OpinionBar.Web.Controllers.HomeController|XverifyCall|http://dev.op.ps.com/Home/vldEmail?email=saivtest17567@gmail.com| IPAddress :127.0.0.1| Domain :opinionbar.com| API :https://www.xverify.com/services/emails/verify/?email=saivtest17567@gmail.com&type=xml&apikey=1000117-B5BM4DLJ&domain=opinionbar.com| response :<?xml version="1.0" ?>
<email>
	<syntax>1</syntax>
	<handle>saivtest17567</handle>
	<domain>gmail.com</domain>
	<catch_all>no</catch_all>
	<auto_correct>
		<corrected>false</corrected>
	</auto_correct>
	<error>1</error>
	<message>Email address is not valid</message>
	<address>saivtest17567@gmail.com</address>
	<status>invalid</status>
	<duration>2.33</duration>
	<responsecode>2</responsecode>
</email>

2025-07-24 15:33:15.2591|DEBUG|Members.OpinionBar.Web.Controllers.HomeController|XverifyCall|http://dev.op.ps.com/Home/vldEmail?email=saivtest17567@gmail.com| IPAddress :127.0.0.1| Domain :opinionbar.com| API :https://www.xverify.com/services/emails/verify/?email=saivtest17567@gmail.com&type=xml&apikey=1000117-B5BM4DLJ&domain=opinionbar.com| response :<?xml version="1.0" ?>
<email>
	<syntax>1</syntax>
	<handle>saivtest17567</handle>
	<domain>gmail.com</domain>
	<catch_all>no</catch_all>
	<auto_correct>
		<corrected>false</corrected>
	</auto_correct>
	<error>1</error>
	<message>Email address is not valid</message>
	<address>saivtest17567@gmail.com</address>
	<status>invalid</status>
	<duration>1.9802</duration>
	<responsecode>2</responsecode>
</email>

2025-07-24 15:33:37.1751|DEBUG|Members.OpinionBar.Web.Controllers.HomeController|XverifyCall|http://dev.op.ps.com/Home/vldEmail?email=saivtest17567@gmail.com| IPAddress :127.0.0.1| Domain :opinionbar.com| API :https://www.xverify.com/services/emails/verify/?email=saivtest17567@gmail.com&type=xml&apikey=1000117-B5BM4DLJ&domain=opinionbar.com| response :<?xml version="1.0" ?>
<email>
	<syntax>1</syntax>
	<handle>saivtest17567</handle>
	<domain>gmail.com</domain>
	<catch_all>no</catch_all>
	<auto_correct>
		<corrected>false</corrected>
	</auto_correct>
	<error>1</error>
	<message>Email address is not valid</message>
	<address>saivtest17567@gmail.com</address>
	<status>invalid</status>
	<duration>2.4956</duration>
	<responsecode>2</responsecode>
</email>

