2025-07-25 17:25:51.1562 | HYLT777-GNJ5HX3 | 106392 | w3wp | Fatal |  | | | Members.OpinionBar.Web.Filters.LoggerAttribute | /Ms/Surveys|http://dev.op.ps.com/Ms/Surveys||System.IndexOutOfRangeException: Index was outside the bounds of the array.
   at Members.PrecisionSample.Common.Security.UserData.parseCurrentUserData(String completeInputData) in F:\ps_dev_new\SDL OffShore Devlopment and Support\SDL_Dev_Branch\PS2.0 WLSites\WL.PrecisionSample\Members.PrecisionSample.Common\Security\UserData.cs:line 269
   at Members.PrecisionSample.Common.Security.UserData.ParseData(String completeInputData) in F:\ps_dev_new\SDL OffShore Devlopment and Support\SDL_Dev_Branch\PS2.0 WLSites\WL.PrecisionSample\Members.PrecisionSample.Common\Security\UserData.cs:line 246
   at Members.PrecisionSample.Common.Security.UserData..ctor(String userData) in F:\ps_dev_new\SDL OffShore Devlopment and Support\SDL_Dev_Branch\PS2.0 WLSites\WL.PrecisionSample\Members.PrecisionSample.Common\Security\UserData.cs:line 57
   at Members.PrecisionSample.Common.Security.PerSessionUserDataProvider.Retrieve(Guid userID) in F:\ps_dev_new\SDL OffShore Devlopment and Support\SDL_Dev_Branch\PS2.0 WLSites\WL.PrecisionSample\Members.PrecisionSample.Common\Security\PerSessionUserDataProvider.cs:line 36
   at Members.PrecisionSample.Common.Security.Identity.get_UserData() in F:\ps_dev_new\SDL OffShore Devlopment and Support\SDL_Dev_Branch\PS2.0 WLSites\WL.PrecisionSample\Members.PrecisionSample.Common\Security\Identity.cs:line 117
   at Members.OpinionBar.Web.Controllers.MsController.Surveys() in F:\ps_dev_new\SDL OffShore Devlopment and Support\SDL_Dev_Branch\PS2.0 WLSites\WL.PrecisionSample\Members.OpinionBar.Web\Controllers\MsController.cs:line 36
   at lambda_method(Closure , ControllerBase , Object[] )
   at System.Web.Mvc.ReflectedActionDescriptor.Execute(ControllerContext controllerContext, IDictionary`2 parameters)
   at System.Web.Mvc.ControllerActionInvoker.InvokeActionMethod(ControllerContext controllerContext, ActionDescriptor actionDescriptor, IDictionary`2 parameters)
   at System.Web.Mvc.Async.AsyncControllerActionInvoker.<BeginInvokeSynchronousActionMethod>b__39(IAsyncResult asyncResult, ActionInvocation innerInvokeState)
   at System.Web.Mvc.Async.AsyncResultWrapper.WrappedAsyncResult`2.CallEndDelegate(IAsyncResult asyncResult)
   at System.Web.Mvc.Async.AsyncControllerActionInvoker.EndInvokeActionMethod(IAsyncResult asyncResult)
   at System.Web.Mvc.Async.AsyncControllerActionInvoker.AsyncInvocationWithFilters.<InvokeActionMethodFilterAsynchronouslyRecursive>b__3d()
   at System.Web.Mvc.Async.AsyncControllerActionInvoker.AsyncInvocationWithFilters.<>c__DisplayClass46.<InvokeActionMethodFilterAsynchronouslyRecursive>b__3f()
2025-07-25 17:33:55.0068 | HYLT777-GNJ5HX3 | 106392 | w3wp | Fatal |  | | | Members.OpinionBar.Web.Filters.LoggerAttribute | /ep/GetUserData|http://dev.op.ps.com/ep/GetUserData||System.IndexOutOfRangeException: Index was outside the bounds of the array.
   at Members.PrecisionSample.Common.Security.UserData.parseCurrentUserData(String completeInputData) in F:\ps_dev_new\SDL OffShore Devlopment and Support\SDL_Dev_Branch\PS2.0 WLSites\WL.PrecisionSample\Members.PrecisionSample.Common\Security\UserData.cs:line 269
   at Members.PrecisionSample.Common.Security.UserData.ParseData(String completeInputData) in F:\ps_dev_new\SDL OffShore Devlopment and Support\SDL_Dev_Branch\PS2.0 WLSites\WL.PrecisionSample\Members.PrecisionSample.Common\Security\UserData.cs:line 246
   at Members.PrecisionSample.Common.Security.UserData..ctor(String userData) in F:\ps_dev_new\SDL OffShore Devlopment and Support\SDL_Dev_Branch\PS2.0 WLSites\WL.PrecisionSample\Members.PrecisionSample.Common\Security\UserData.cs:line 57
   at Members.PrecisionSample.Common.Security.PerSessionUserDataProvider.Retrieve(Guid userID) in F:\ps_dev_new\SDL OffShore Devlopment and Support\SDL_Dev_Branch\PS2.0 WLSites\WL.PrecisionSample\Members.PrecisionSample.Common\Security\PerSessionUserDataProvider.cs:line 36
   at Members.PrecisionSample.Common.Security.Identity.get_UserData() in F:\ps_dev_new\SDL OffShore Devlopment and Support\SDL_Dev_Branch\PS2.0 WLSites\WL.PrecisionSample\Members.PrecisionSample.Common\Security\Identity.cs:line 117
   at Members.OpinionBar.Web.Controllers.EpController.GetUserData() in F:\ps_dev_new\SDL OffShore Devlopment and Support\SDL_Dev_Branch\PS2.0 WLSites\WL.PrecisionSample\Members.OpinionBar.Web\Controllers\EpController.cs:line 50
   at lambda_method(Closure , ControllerBase , Object[] )
   at System.Web.Mvc.ReflectedActionDescriptor.Execute(ControllerContext controllerContext, IDictionary`2 parameters)
   at System.Web.Mvc.ControllerActionInvoker.InvokeActionMethod(ControllerContext controllerContext, ActionDescriptor actionDescriptor, IDictionary`2 parameters)
   at System.Web.Mvc.Async.AsyncControllerActionInvoker.<BeginInvokeSynchronousActionMethod>b__39(IAsyncResult asyncResult, ActionInvocation innerInvokeState)
   at System.Web.Mvc.Async.AsyncResultWrapper.WrappedAsyncResult`2.CallEndDelegate(IAsyncResult asyncResult)
   at System.Web.Mvc.Async.AsyncControllerActionInvoker.EndInvokeActionMethod(IAsyncResult asyncResult)
   at System.Web.Mvc.Async.AsyncControllerActionInvoker.AsyncInvocationWithFilters.<InvokeActionMethodFilterAsynchronouslyRecursive>b__3d()
   at System.Web.Mvc.Async.AsyncControllerActionInvoker.AsyncInvocationWithFilters.<>c__DisplayClass46.<InvokeActionMethodFilterAsynchronouslyRecursive>b__3f()
2025-07-25 17:39:26.9739 | HYLT777-GNJ5HX3 | 106392 | w3wp | Fatal |  | | | Members.OpinionBar.Web.Filters.LoggerAttribute | /Ms/Surveys|http://dev.op.ps.com/Ms/Surveys||System.IndexOutOfRangeException: Index was outside the bounds of the array.
   at Members.PrecisionSample.Common.Security.UserData.parseCurrentUserData(String completeInputData) in F:\ps_dev_new\SDL OffShore Devlopment and Support\SDL_Dev_Branch\PS2.0 WLSites\WL.PrecisionSample\Members.PrecisionSample.Common\Security\UserData.cs:line 269
   at Members.PrecisionSample.Common.Security.UserData.ParseData(String completeInputData) in F:\ps_dev_new\SDL OffShore Devlopment and Support\SDL_Dev_Branch\PS2.0 WLSites\WL.PrecisionSample\Members.PrecisionSample.Common\Security\UserData.cs:line 246
   at Members.PrecisionSample.Common.Security.UserData..ctor(String userData) in F:\ps_dev_new\SDL OffShore Devlopment and Support\SDL_Dev_Branch\PS2.0 WLSites\WL.PrecisionSample\Members.PrecisionSample.Common\Security\UserData.cs:line 57
   at Members.PrecisionSample.Common.Security.PerSessionUserDataProvider.Retrieve(Guid userID) in F:\ps_dev_new\SDL OffShore Devlopment and Support\SDL_Dev_Branch\PS2.0 WLSites\WL.PrecisionSample\Members.PrecisionSample.Common\Security\PerSessionUserDataProvider.cs:line 36
   at Members.PrecisionSample.Common.Security.Identity.get_UserData() in F:\ps_dev_new\SDL OffShore Devlopment and Support\SDL_Dev_Branch\PS2.0 WLSites\WL.PrecisionSample\Members.PrecisionSample.Common\Security\Identity.cs:line 117
   at Members.OpinionBar.Web.Controllers.MsController.Surveys() in F:\ps_dev_new\SDL OffShore Devlopment and Support\SDL_Dev_Branch\PS2.0 WLSites\WL.PrecisionSample\Members.OpinionBar.Web\Controllers\MsController.cs:line 36
   at lambda_method(Closure , ControllerBase , Object[] )
   at System.Web.Mvc.ReflectedActionDescriptor.Execute(ControllerContext controllerContext, IDictionary`2 parameters)
   at System.Web.Mvc.ControllerActionInvoker.InvokeActionMethod(ControllerContext controllerContext, ActionDescriptor actionDescriptor, IDictionary`2 parameters)
   at System.Web.Mvc.Async.AsyncControllerActionInvoker.<BeginInvokeSynchronousActionMethod>b__39(IAsyncResult asyncResult, ActionInvocation innerInvokeState)
   at System.Web.Mvc.Async.AsyncResultWrapper.WrappedAsyncResult`2.CallEndDelegate(IAsyncResult asyncResult)
   at System.Web.Mvc.Async.AsyncControllerActionInvoker.EndInvokeActionMethod(IAsyncResult asyncResult)
   at System.Web.Mvc.Async.AsyncControllerActionInvoker.AsyncInvocationWithFilters.<InvokeActionMethodFilterAsynchronouslyRecursive>b__3d()
   at System.Web.Mvc.Async.AsyncControllerActionInvoker.AsyncInvocationWithFilters.<>c__DisplayClass46.<InvokeActionMethodFilterAsynchronouslyRecursive>b__3f()
