2025-07-24 16:01:54.6094 | HYLT777-GNJ5HX3 | 34448 | w3wp | Fatal |  | | | Members.OpinionBar.Web.Filters.LoggerAttribute | /Ms/Surveys|http://dev.op.ps.com/Ms/Surveys||System.IndexOutOfRangeException: Index was outside the bounds of the array.
   at Members.PrecisionSample.Common.Security.UserData.parseCurrentUserData(String completeInputData) in F:\ps_dev_new\SDL OffShore Devlopment and Support\SDL_Dev_Branch\PS2.0 WLSites\WL.PrecisionSample\Members.PrecisionSample.Common\Security\UserData.cs:line 269
   at Members.PrecisionSample.Common.Security.UserData.ParseData(String completeInputData) in F:\ps_dev_new\SDL OffShore Devlopment and Support\SDL_Dev_Branch\PS2.0 WLSites\WL.PrecisionSample\Members.PrecisionSample.Common\Security\UserData.cs:line 246
   at Members.PrecisionSample.Common.Security.UserData..ctor(String userData) in F:\ps_dev_new\SDL OffShore Devlopment and Support\SDL_Dev_Branch\PS2.0 WLSites\WL.PrecisionSample\Members.PrecisionSample.Common\Security\UserData.cs:line 57
   at Members.PrecisionSample.Common.Security.PerSessionUserDataProvider.Retrieve(Guid userID) in F:\ps_dev_new\SDL OffShore Devlopment and Support\SDL_Dev_Branch\PS2.0 WLSites\WL.PrecisionSample\Members.PrecisionSample.Common\Security\PerSessionUserDataProvider.cs:line 36
   at Members.PrecisionSample.Common.Security.Identity.get_UserData() in F:\ps_dev_new\SDL OffShore Devlopment and Support\SDL_Dev_Branch\PS2.0 WLSites\WL.PrecisionSample\Members.PrecisionSample.Common\Security\Identity.cs:line 117
   at Members.OpinionBar.Web.Controllers.MsController.Surveys() in F:\ps_dev_new\SDL OffShore Devlopment and Support\SDL_Dev_Branch\PS2.0 WLSites\WL.PrecisionSample\Members.OpinionBar.Web\Controllers\MsController.cs:line 36
   at lambda_method(Closure , ControllerBase , Object[] )
   at System.Web.Mvc.ReflectedActionDescriptor.Execute(ControllerContext controllerContext, IDictionary`2 parameters)
   at System.Web.Mvc.ControllerActionInvoker.InvokeActionMethod(ControllerContext controllerContext, ActionDescriptor actionDescriptor, IDictionary`2 parameters)
   at System.Web.Mvc.Async.AsyncControllerActionInvoker.<BeginInvokeSynchronousActionMethod>b__39(IAsyncResult asyncResult, ActionInvocation innerInvokeState)
   at System.Web.Mvc.Async.AsyncResultWrapper.WrappedAsyncResult`2.CallEndDelegate(IAsyncResult asyncResult)
   at System.Web.Mvc.Async.AsyncControllerActionInvoker.EndInvokeActionMethod(IAsyncResult asyncResult)
   at System.Web.Mvc.Async.AsyncControllerActionInvoker.AsyncInvocationWithFilters.<InvokeActionMethodFilterAsynchronouslyRecursive>b__3d()
   at System.Web.Mvc.Async.AsyncControllerActionInvoker.AsyncInvocationWithFilters.<>c__DisplayClass46.<InvokeActionMethodFilterAsynchronouslyRecursive>b__3f()
2025-07-24 16:02:25.7597 | HYLT777-GNJ5HX3 | 34448 | w3wp | Fatal |  | | | Members.OpinionBar.Web.Filters.LoggerAttribute | /ep/GetUserData|http://dev.op.ps.com/ep/GetUserData||System.IndexOutOfRangeException: Index was outside the bounds of the array.
   at Members.PrecisionSample.Common.Security.UserData.parseCurrentUserData(String completeInputData) in F:\ps_dev_new\SDL OffShore Devlopment and Support\SDL_Dev_Branch\PS2.0 WLSites\WL.PrecisionSample\Members.PrecisionSample.Common\Security\UserData.cs:line 269
   at Members.PrecisionSample.Common.Security.UserData.ParseData(String completeInputData) in F:\ps_dev_new\SDL OffShore Devlopment and Support\SDL_Dev_Branch\PS2.0 WLSites\WL.PrecisionSample\Members.PrecisionSample.Common\Security\UserData.cs:line 246
   at Members.PrecisionSample.Common.Security.UserData..ctor(String userData) in F:\ps_dev_new\SDL OffShore Devlopment and Support\SDL_Dev_Branch\PS2.0 WLSites\WL.PrecisionSample\Members.PrecisionSample.Common\Security\UserData.cs:line 57
   at Members.PrecisionSample.Common.Security.PerSessionUserDataProvider.Retrieve(Guid userID) in F:\ps_dev_new\SDL OffShore Devlopment and Support\SDL_Dev_Branch\PS2.0 WLSites\WL.PrecisionSample\Members.PrecisionSample.Common\Security\PerSessionUserDataProvider.cs:line 36
   at Members.PrecisionSample.Common.Security.Identity.get_UserData() in F:\ps_dev_new\SDL OffShore Devlopment and Support\SDL_Dev_Branch\PS2.0 WLSites\WL.PrecisionSample\Members.PrecisionSample.Common\Security\Identity.cs:line 117
   at Members.OpinionBar.Web.Controllers.EpController.GetUserData() in F:\ps_dev_new\SDL OffShore Devlopment and Support\SDL_Dev_Branch\PS2.0 WLSites\WL.PrecisionSample\Members.OpinionBar.Web\Controllers\EpController.cs:line 50
   at lambda_method(Closure , ControllerBase , Object[] )
   at System.Web.Mvc.ReflectedActionDescriptor.Execute(ControllerContext controllerContext, IDictionary`2 parameters)
   at System.Web.Mvc.ControllerActionInvoker.InvokeActionMethod(ControllerContext controllerContext, ActionDescriptor actionDescriptor, IDictionary`2 parameters)
   at System.Web.Mvc.Async.AsyncControllerActionInvoker.<BeginInvokeSynchronousActionMethod>b__39(IAsyncResult asyncResult, ActionInvocation innerInvokeState)
   at System.Web.Mvc.Async.AsyncResultWrapper.WrappedAsyncResult`2.CallEndDelegate(IAsyncResult asyncResult)
   at System.Web.Mvc.Async.AsyncControllerActionInvoker.EndInvokeActionMethod(IAsyncResult asyncResult)
   at System.Web.Mvc.Async.AsyncControllerActionInvoker.AsyncInvocationWithFilters.<InvokeActionMethodFilterAsynchronouslyRecursive>b__3d()
   at System.Web.Mvc.Async.AsyncControllerActionInvoker.AsyncInvocationWithFilters.<>c__DisplayClass46.<InvokeActionMethodFilterAsynchronouslyRecursive>b__3f()
2025-07-24 16:08:22.5259 | HYLT777-GNJ5HX3 | 34448 | w3wp | Fatal |  | | | Members.OpinionBar.Web.Filters.LoggerAttribute | /Ms/Surveys|http://dev.op.ps.com/Ms/Surveys||System.IndexOutOfRangeException: Index was outside the bounds of the array.
   at Members.PrecisionSample.Common.Security.UserData.parseCurrentUserData(String completeInputData) in F:\ps_dev_new\SDL OffShore Devlopment and Support\SDL_Dev_Branch\PS2.0 WLSites\WL.PrecisionSample\Members.PrecisionSample.Common\Security\UserData.cs:line 269
   at Members.PrecisionSample.Common.Security.UserData.ParseData(String completeInputData) in F:\ps_dev_new\SDL OffShore Devlopment and Support\SDL_Dev_Branch\PS2.0 WLSites\WL.PrecisionSample\Members.PrecisionSample.Common\Security\UserData.cs:line 246
   at Members.PrecisionSample.Common.Security.UserData..ctor(String userData) in F:\ps_dev_new\SDL OffShore Devlopment and Support\SDL_Dev_Branch\PS2.0 WLSites\WL.PrecisionSample\Members.PrecisionSample.Common\Security\UserData.cs:line 57
   at Members.PrecisionSample.Common.Security.PerSessionUserDataProvider.Retrieve(Guid userID) in F:\ps_dev_new\SDL OffShore Devlopment and Support\SDL_Dev_Branch\PS2.0 WLSites\WL.PrecisionSample\Members.PrecisionSample.Common\Security\PerSessionUserDataProvider.cs:line 36
   at Members.PrecisionSample.Common.Security.Identity.get_UserData() in F:\ps_dev_new\SDL OffShore Devlopment and Support\SDL_Dev_Branch\PS2.0 WLSites\WL.PrecisionSample\Members.PrecisionSample.Common\Security\Identity.cs:line 117
   at Members.OpinionBar.Web.Controllers.MsController.Surveys() in F:\ps_dev_new\SDL OffShore Devlopment and Support\SDL_Dev_Branch\PS2.0 WLSites\WL.PrecisionSample\Members.OpinionBar.Web\Controllers\MsController.cs:line 36
   at lambda_method(Closure , ControllerBase , Object[] )
   at System.Web.Mvc.ReflectedActionDescriptor.Execute(ControllerContext controllerContext, IDictionary`2 parameters)
   at System.Web.Mvc.ControllerActionInvoker.InvokeActionMethod(ControllerContext controllerContext, ActionDescriptor actionDescriptor, IDictionary`2 parameters)
   at System.Web.Mvc.Async.AsyncControllerActionInvoker.<BeginInvokeSynchronousActionMethod>b__39(IAsyncResult asyncResult, ActionInvocation innerInvokeState)
   at System.Web.Mvc.Async.AsyncResultWrapper.WrappedAsyncResult`2.CallEndDelegate(IAsyncResult asyncResult)
   at System.Web.Mvc.Async.AsyncControllerActionInvoker.EndInvokeActionMethod(IAsyncResult asyncResult)
   at System.Web.Mvc.Async.AsyncControllerActionInvoker.AsyncInvocationWithFilters.<InvokeActionMethodFilterAsynchronouslyRecursive>b__3d()
   at System.Web.Mvc.Async.AsyncControllerActionInvoker.AsyncInvocationWithFilters.<>c__DisplayClass46.<InvokeActionMethodFilterAsynchronouslyRecursive>b__3f()
2025-07-24 16:10:56.2782 | HYLT777-GNJ5HX3 | 34448 | w3wp | Fatal |  | | | Members.OpinionBar.Web.Filters.LoggerAttribute | /Ms/Surveys|http://dev.op.ps.com/Ms/Surveys||System.IndexOutOfRangeException: Index was outside the bounds of the array.
   at Members.PrecisionSample.Common.Security.UserData.parseCurrentUserData(String completeInputData) in F:\ps_dev_new\SDL OffShore Devlopment and Support\SDL_Dev_Branch\PS2.0 WLSites\WL.PrecisionSample\Members.PrecisionSample.Common\Security\UserData.cs:line 269
   at Members.PrecisionSample.Common.Security.UserData.ParseData(String completeInputData) in F:\ps_dev_new\SDL OffShore Devlopment and Support\SDL_Dev_Branch\PS2.0 WLSites\WL.PrecisionSample\Members.PrecisionSample.Common\Security\UserData.cs:line 246
   at Members.PrecisionSample.Common.Security.UserData..ctor(String userData) in F:\ps_dev_new\SDL OffShore Devlopment and Support\SDL_Dev_Branch\PS2.0 WLSites\WL.PrecisionSample\Members.PrecisionSample.Common\Security\UserData.cs:line 57
   at Members.PrecisionSample.Common.Security.PerSessionUserDataProvider.Retrieve(Guid userID) in F:\ps_dev_new\SDL OffShore Devlopment and Support\SDL_Dev_Branch\PS2.0 WLSites\WL.PrecisionSample\Members.PrecisionSample.Common\Security\PerSessionUserDataProvider.cs:line 36
   at Members.PrecisionSample.Common.Security.Identity.get_UserData() in F:\ps_dev_new\SDL OffShore Devlopment and Support\SDL_Dev_Branch\PS2.0 WLSites\WL.PrecisionSample\Members.PrecisionSample.Common\Security\Identity.cs:line 117
   at Members.OpinionBar.Web.Controllers.MsController.Surveys() in F:\ps_dev_new\SDL OffShore Devlopment and Support\SDL_Dev_Branch\PS2.0 WLSites\WL.PrecisionSample\Members.OpinionBar.Web\Controllers\MsController.cs:line 36
   at lambda_method(Closure , ControllerBase , Object[] )
   at System.Web.Mvc.ReflectedActionDescriptor.Execute(ControllerContext controllerContext, IDictionary`2 parameters)
   at System.Web.Mvc.ControllerActionInvoker.InvokeActionMethod(ControllerContext controllerContext, ActionDescriptor actionDescriptor, IDictionary`2 parameters)
   at System.Web.Mvc.Async.AsyncControllerActionInvoker.<BeginInvokeSynchronousActionMethod>b__39(IAsyncResult asyncResult, ActionInvocation innerInvokeState)
   at System.Web.Mvc.Async.AsyncResultWrapper.WrappedAsyncResult`2.CallEndDelegate(IAsyncResult asyncResult)
   at System.Web.Mvc.Async.AsyncControllerActionInvoker.EndInvokeActionMethod(IAsyncResult asyncResult)
   at System.Web.Mvc.Async.AsyncControllerActionInvoker.AsyncInvocationWithFilters.<InvokeActionMethodFilterAsynchronouslyRecursive>b__3d()
   at System.Web.Mvc.Async.AsyncControllerActionInvoker.AsyncInvocationWithFilters.<>c__DisplayClass46.<InvokeActionMethodFilterAsynchronouslyRecursive>b__3f()
2025-07-24 16:11:07.1121 | HYLT777-GNJ5HX3 | 34448 | w3wp | Fatal |  | | | Members.OpinionBar.Web.Filters.LoggerAttribute | /ep/GetUserData|http://dev.op.ps.com/ep/GetUserData||System.IndexOutOfRangeException: Index was outside the bounds of the array.
   at Members.PrecisionSample.Common.Security.UserData.parseCurrentUserData(String completeInputData) in F:\ps_dev_new\SDL OffShore Devlopment and Support\SDL_Dev_Branch\PS2.0 WLSites\WL.PrecisionSample\Members.PrecisionSample.Common\Security\UserData.cs:line 269
   at Members.PrecisionSample.Common.Security.UserData.ParseData(String completeInputData) in F:\ps_dev_new\SDL OffShore Devlopment and Support\SDL_Dev_Branch\PS2.0 WLSites\WL.PrecisionSample\Members.PrecisionSample.Common\Security\UserData.cs:line 246
   at Members.PrecisionSample.Common.Security.UserData..ctor(String userData) in F:\ps_dev_new\SDL OffShore Devlopment and Support\SDL_Dev_Branch\PS2.0 WLSites\WL.PrecisionSample\Members.PrecisionSample.Common\Security\UserData.cs:line 57
   at Members.PrecisionSample.Common.Security.PerSessionUserDataProvider.Retrieve(Guid userID) in F:\ps_dev_new\SDL OffShore Devlopment and Support\SDL_Dev_Branch\PS2.0 WLSites\WL.PrecisionSample\Members.PrecisionSample.Common\Security\PerSessionUserDataProvider.cs:line 36
   at Members.PrecisionSample.Common.Security.Identity.get_UserData() in F:\ps_dev_new\SDL OffShore Devlopment and Support\SDL_Dev_Branch\PS2.0 WLSites\WL.PrecisionSample\Members.PrecisionSample.Common\Security\Identity.cs:line 117
   at Members.OpinionBar.Web.Controllers.EpController.GetUserData() in F:\ps_dev_new\SDL OffShore Devlopment and Support\SDL_Dev_Branch\PS2.0 WLSites\WL.PrecisionSample\Members.OpinionBar.Web\Controllers\EpController.cs:line 50
   at lambda_method(Closure , ControllerBase , Object[] )
   at System.Web.Mvc.ReflectedActionDescriptor.Execute(ControllerContext controllerContext, IDictionary`2 parameters)
   at System.Web.Mvc.ControllerActionInvoker.InvokeActionMethod(ControllerContext controllerContext, ActionDescriptor actionDescriptor, IDictionary`2 parameters)
   at System.Web.Mvc.Async.AsyncControllerActionInvoker.<BeginInvokeSynchronousActionMethod>b__39(IAsyncResult asyncResult, ActionInvocation innerInvokeState)
   at System.Web.Mvc.Async.AsyncResultWrapper.WrappedAsyncResult`2.CallEndDelegate(IAsyncResult asyncResult)
   at System.Web.Mvc.Async.AsyncControllerActionInvoker.EndInvokeActionMethod(IAsyncResult asyncResult)
   at System.Web.Mvc.Async.AsyncControllerActionInvoker.AsyncInvocationWithFilters.<InvokeActionMethodFilterAsynchronouslyRecursive>b__3d()
   at System.Web.Mvc.Async.AsyncControllerActionInvoker.AsyncInvocationWithFilters.<>c__DisplayClass46.<InvokeActionMethodFilterAsynchronouslyRecursive>b__3f()
2025-07-24 16:11:19.7210 | HYLT777-GNJ5HX3 | 34448 | w3wp | Fatal |  | | | Members.OpinionBar.Web.Filters.LoggerAttribute | /Ms/Surveys|http://dev.op.ps.com/Ms/Surveys||System.IndexOutOfRangeException: Index was outside the bounds of the array.
   at Members.PrecisionSample.Common.Security.UserData.parseCurrentUserData(String completeInputData) in F:\ps_dev_new\SDL OffShore Devlopment and Support\SDL_Dev_Branch\PS2.0 WLSites\WL.PrecisionSample\Members.PrecisionSample.Common\Security\UserData.cs:line 269
   at Members.PrecisionSample.Common.Security.UserData.ParseData(String completeInputData) in F:\ps_dev_new\SDL OffShore Devlopment and Support\SDL_Dev_Branch\PS2.0 WLSites\WL.PrecisionSample\Members.PrecisionSample.Common\Security\UserData.cs:line 246
   at Members.PrecisionSample.Common.Security.UserData..ctor(String userData) in F:\ps_dev_new\SDL OffShore Devlopment and Support\SDL_Dev_Branch\PS2.0 WLSites\WL.PrecisionSample\Members.PrecisionSample.Common\Security\UserData.cs:line 57
   at Members.PrecisionSample.Common.Security.PerSessionUserDataProvider.Retrieve(Guid userID) in F:\ps_dev_new\SDL OffShore Devlopment and Support\SDL_Dev_Branch\PS2.0 WLSites\WL.PrecisionSample\Members.PrecisionSample.Common\Security\PerSessionUserDataProvider.cs:line 36
   at Members.PrecisionSample.Common.Security.Identity.get_UserData() in F:\ps_dev_new\SDL OffShore Devlopment and Support\SDL_Dev_Branch\PS2.0 WLSites\WL.PrecisionSample\Members.PrecisionSample.Common\Security\Identity.cs:line 117
   at Members.OpinionBar.Web.Controllers.MsController.Surveys() in F:\ps_dev_new\SDL OffShore Devlopment and Support\SDL_Dev_Branch\PS2.0 WLSites\WL.PrecisionSample\Members.OpinionBar.Web\Controllers\MsController.cs:line 36
   at lambda_method(Closure , ControllerBase , Object[] )
   at System.Web.Mvc.ReflectedActionDescriptor.Execute(ControllerContext controllerContext, IDictionary`2 parameters)
   at System.Web.Mvc.ControllerActionInvoker.InvokeActionMethod(ControllerContext controllerContext, ActionDescriptor actionDescriptor, IDictionary`2 parameters)
   at System.Web.Mvc.Async.AsyncControllerActionInvoker.<BeginInvokeSynchronousActionMethod>b__39(IAsyncResult asyncResult, ActionInvocation innerInvokeState)
   at System.Web.Mvc.Async.AsyncResultWrapper.WrappedAsyncResult`2.CallEndDelegate(IAsyncResult asyncResult)
   at System.Web.Mvc.Async.AsyncControllerActionInvoker.EndInvokeActionMethod(IAsyncResult asyncResult)
   at System.Web.Mvc.Async.AsyncControllerActionInvoker.AsyncInvocationWithFilters.<InvokeActionMethodFilterAsynchronouslyRecursive>b__3d()
   at System.Web.Mvc.Async.AsyncControllerActionInvoker.AsyncInvocationWithFilters.<>c__DisplayClass46.<InvokeActionMethodFilterAsynchronouslyRecursive>b__3f()
2025-07-24 16:11:20.4145 | HYLT777-GNJ5HX3 | 34448 | w3wp | Fatal |  | | | Members.OpinionBar.Web.Filters.LoggerAttribute | /Ms/Surveys|http://dev.op.ps.com/Ms/Surveys||System.IndexOutOfRangeException: Index was outside the bounds of the array.
   at Members.PrecisionSample.Common.Security.UserData.parseCurrentUserData(String completeInputData) in F:\ps_dev_new\SDL OffShore Devlopment and Support\SDL_Dev_Branch\PS2.0 WLSites\WL.PrecisionSample\Members.PrecisionSample.Common\Security\UserData.cs:line 269
   at Members.PrecisionSample.Common.Security.UserData.ParseData(String completeInputData) in F:\ps_dev_new\SDL OffShore Devlopment and Support\SDL_Dev_Branch\PS2.0 WLSites\WL.PrecisionSample\Members.PrecisionSample.Common\Security\UserData.cs:line 246
   at Members.PrecisionSample.Common.Security.UserData..ctor(String userData) in F:\ps_dev_new\SDL OffShore Devlopment and Support\SDL_Dev_Branch\PS2.0 WLSites\WL.PrecisionSample\Members.PrecisionSample.Common\Security\UserData.cs:line 57
   at Members.PrecisionSample.Common.Security.PerSessionUserDataProvider.Retrieve(Guid userID) in F:\ps_dev_new\SDL OffShore Devlopment and Support\SDL_Dev_Branch\PS2.0 WLSites\WL.PrecisionSample\Members.PrecisionSample.Common\Security\PerSessionUserDataProvider.cs:line 36
   at Members.PrecisionSample.Common.Security.Identity.get_UserData() in F:\ps_dev_new\SDL OffShore Devlopment and Support\SDL_Dev_Branch\PS2.0 WLSites\WL.PrecisionSample\Members.PrecisionSample.Common\Security\Identity.cs:line 117
   at Members.OpinionBar.Web.Controllers.MsController.Surveys() in F:\ps_dev_new\SDL OffShore Devlopment and Support\SDL_Dev_Branch\PS2.0 WLSites\WL.PrecisionSample\Members.OpinionBar.Web\Controllers\MsController.cs:line 36
   at lambda_method(Closure , ControllerBase , Object[] )
   at System.Web.Mvc.ReflectedActionDescriptor.Execute(ControllerContext controllerContext, IDictionary`2 parameters)
   at System.Web.Mvc.ControllerActionInvoker.InvokeActionMethod(ControllerContext controllerContext, ActionDescriptor actionDescriptor, IDictionary`2 parameters)
   at System.Web.Mvc.Async.AsyncControllerActionInvoker.<BeginInvokeSynchronousActionMethod>b__39(IAsyncResult asyncResult, ActionInvocation innerInvokeState)
   at System.Web.Mvc.Async.AsyncResultWrapper.WrappedAsyncResult`2.CallEndDelegate(IAsyncResult asyncResult)
   at System.Web.Mvc.Async.AsyncControllerActionInvoker.EndInvokeActionMethod(IAsyncResult asyncResult)
   at System.Web.Mvc.Async.AsyncControllerActionInvoker.AsyncInvocationWithFilters.<InvokeActionMethodFilterAsynchronouslyRecursive>b__3d()
   at System.Web.Mvc.Async.AsyncControllerActionInvoker.AsyncInvocationWithFilters.<>c__DisplayClass46.<InvokeActionMethodFilterAsynchronouslyRecursive>b__3f()
2025-07-24 16:11:26.1598 | HYLT777-GNJ5HX3 | 34448 | w3wp | Fatal |  | | | Members.OpinionBar.Web.Filters.LoggerAttribute | /ep/GetUserData|http://dev.op.ps.com/ep/GetUserData||System.IndexOutOfRangeException: Index was outside the bounds of the array.
   at Members.PrecisionSample.Common.Security.UserData.parseCurrentUserData(String completeInputData) in F:\ps_dev_new\SDL OffShore Devlopment and Support\SDL_Dev_Branch\PS2.0 WLSites\WL.PrecisionSample\Members.PrecisionSample.Common\Security\UserData.cs:line 269
   at Members.PrecisionSample.Common.Security.UserData.ParseData(String completeInputData) in F:\ps_dev_new\SDL OffShore Devlopment and Support\SDL_Dev_Branch\PS2.0 WLSites\WL.PrecisionSample\Members.PrecisionSample.Common\Security\UserData.cs:line 246
   at Members.PrecisionSample.Common.Security.UserData..ctor(String userData) in F:\ps_dev_new\SDL OffShore Devlopment and Support\SDL_Dev_Branch\PS2.0 WLSites\WL.PrecisionSample\Members.PrecisionSample.Common\Security\UserData.cs:line 57
   at Members.PrecisionSample.Common.Security.PerSessionUserDataProvider.Retrieve(Guid userID) in F:\ps_dev_new\SDL OffShore Devlopment and Support\SDL_Dev_Branch\PS2.0 WLSites\WL.PrecisionSample\Members.PrecisionSample.Common\Security\PerSessionUserDataProvider.cs:line 36
   at Members.PrecisionSample.Common.Security.Identity.get_UserData() in F:\ps_dev_new\SDL OffShore Devlopment and Support\SDL_Dev_Branch\PS2.0 WLSites\WL.PrecisionSample\Members.PrecisionSample.Common\Security\Identity.cs:line 117
   at Members.OpinionBar.Web.Controllers.EpController.GetUserData() in F:\ps_dev_new\SDL OffShore Devlopment and Support\SDL_Dev_Branch\PS2.0 WLSites\WL.PrecisionSample\Members.OpinionBar.Web\Controllers\EpController.cs:line 50
   at lambda_method(Closure , ControllerBase , Object[] )
   at System.Web.Mvc.ReflectedActionDescriptor.Execute(ControllerContext controllerContext, IDictionary`2 parameters)
   at System.Web.Mvc.ControllerActionInvoker.InvokeActionMethod(ControllerContext controllerContext, ActionDescriptor actionDescriptor, IDictionary`2 parameters)
   at System.Web.Mvc.Async.AsyncControllerActionInvoker.<BeginInvokeSynchronousActionMethod>b__39(IAsyncResult asyncResult, ActionInvocation innerInvokeState)
   at System.Web.Mvc.Async.AsyncResultWrapper.WrappedAsyncResult`2.CallEndDelegate(IAsyncResult asyncResult)
   at System.Web.Mvc.Async.AsyncControllerActionInvoker.EndInvokeActionMethod(IAsyncResult asyncResult)
   at System.Web.Mvc.Async.AsyncControllerActionInvoker.AsyncInvocationWithFilters.<InvokeActionMethodFilterAsynchronouslyRecursive>b__3d()
   at System.Web.Mvc.Async.AsyncControllerActionInvoker.AsyncInvocationWithFilters.<>c__DisplayClass46.<InvokeActionMethodFilterAsynchronouslyRecursive>b__3f()
2025-07-24 16:13:33.0099 | HYLT777-GNJ5HX3 | 34448 | w3wp | Fatal |  | | | Members.OpinionBar.Web.Filters.LoggerAttribute | /Ms/Surveys|http://dev.op.ps.com/Ms/Surveys||System.IndexOutOfRangeException: Index was outside the bounds of the array.
   at Members.PrecisionSample.Common.Security.UserData.parseCurrentUserData(String completeInputData) in F:\ps_dev_new\SDL OffShore Devlopment and Support\SDL_Dev_Branch\PS2.0 WLSites\WL.PrecisionSample\Members.PrecisionSample.Common\Security\UserData.cs:line 269
   at Members.PrecisionSample.Common.Security.UserData.ParseData(String completeInputData) in F:\ps_dev_new\SDL OffShore Devlopment and Support\SDL_Dev_Branch\PS2.0 WLSites\WL.PrecisionSample\Members.PrecisionSample.Common\Security\UserData.cs:line 246
   at Members.PrecisionSample.Common.Security.UserData..ctor(String userData) in F:\ps_dev_new\SDL OffShore Devlopment and Support\SDL_Dev_Branch\PS2.0 WLSites\WL.PrecisionSample\Members.PrecisionSample.Common\Security\UserData.cs:line 57
   at Members.PrecisionSample.Common.Security.PerSessionUserDataProvider.Retrieve(Guid userID) in F:\ps_dev_new\SDL OffShore Devlopment and Support\SDL_Dev_Branch\PS2.0 WLSites\WL.PrecisionSample\Members.PrecisionSample.Common\Security\PerSessionUserDataProvider.cs:line 36
   at Members.PrecisionSample.Common.Security.Identity.get_UserData() in F:\ps_dev_new\SDL OffShore Devlopment and Support\SDL_Dev_Branch\PS2.0 WLSites\WL.PrecisionSample\Members.PrecisionSample.Common\Security\Identity.cs:line 117
   at Members.OpinionBar.Web.Controllers.MsController.Surveys() in F:\ps_dev_new\SDL OffShore Devlopment and Support\SDL_Dev_Branch\PS2.0 WLSites\WL.PrecisionSample\Members.OpinionBar.Web\Controllers\MsController.cs:line 36
   at lambda_method(Closure , ControllerBase , Object[] )
   at System.Web.Mvc.ReflectedActionDescriptor.Execute(ControllerContext controllerContext, IDictionary`2 parameters)
   at System.Web.Mvc.ControllerActionInvoker.InvokeActionMethod(ControllerContext controllerContext, ActionDescriptor actionDescriptor, IDictionary`2 parameters)
   at System.Web.Mvc.Async.AsyncControllerActionInvoker.<BeginInvokeSynchronousActionMethod>b__39(IAsyncResult asyncResult, ActionInvocation innerInvokeState)
   at System.Web.Mvc.Async.AsyncResultWrapper.WrappedAsyncResult`2.CallEndDelegate(IAsyncResult asyncResult)
   at System.Web.Mvc.Async.AsyncControllerActionInvoker.EndInvokeActionMethod(IAsyncResult asyncResult)
   at System.Web.Mvc.Async.AsyncControllerActionInvoker.AsyncInvocationWithFilters.<InvokeActionMethodFilterAsynchronouslyRecursive>b__3d()
   at System.Web.Mvc.Async.AsyncControllerActionInvoker.AsyncInvocationWithFilters.<>c__DisplayClass46.<InvokeActionMethodFilterAsynchronouslyRecursive>b__3f()
2025-07-24 16:13:34.4120 | HYLT777-GNJ5HX3 | 34448 | w3wp | Fatal |  | | | Members.OpinionBar.Web.Filters.LoggerAttribute | /ep/GetUserData|http://dev.op.ps.com/ep/GetUserData||System.IndexOutOfRangeException: Index was outside the bounds of the array.
   at Members.PrecisionSample.Common.Security.UserData.parseCurrentUserData(String completeInputData) in F:\ps_dev_new\SDL OffShore Devlopment and Support\SDL_Dev_Branch\PS2.0 WLSites\WL.PrecisionSample\Members.PrecisionSample.Common\Security\UserData.cs:line 269
   at Members.PrecisionSample.Common.Security.UserData.ParseData(String completeInputData) in F:\ps_dev_new\SDL OffShore Devlopment and Support\SDL_Dev_Branch\PS2.0 WLSites\WL.PrecisionSample\Members.PrecisionSample.Common\Security\UserData.cs:line 246
   at Members.PrecisionSample.Common.Security.UserData..ctor(String userData) in F:\ps_dev_new\SDL OffShore Devlopment and Support\SDL_Dev_Branch\PS2.0 WLSites\WL.PrecisionSample\Members.PrecisionSample.Common\Security\UserData.cs:line 57
   at Members.PrecisionSample.Common.Security.PerSessionUserDataProvider.Retrieve(Guid userID) in F:\ps_dev_new\SDL OffShore Devlopment and Support\SDL_Dev_Branch\PS2.0 WLSites\WL.PrecisionSample\Members.PrecisionSample.Common\Security\PerSessionUserDataProvider.cs:line 36
   at Members.PrecisionSample.Common.Security.Identity.get_UserData() in F:\ps_dev_new\SDL OffShore Devlopment and Support\SDL_Dev_Branch\PS2.0 WLSites\WL.PrecisionSample\Members.PrecisionSample.Common\Security\Identity.cs:line 117
   at Members.OpinionBar.Web.Controllers.EpController.GetUserData() in F:\ps_dev_new\SDL OffShore Devlopment and Support\SDL_Dev_Branch\PS2.0 WLSites\WL.PrecisionSample\Members.OpinionBar.Web\Controllers\EpController.cs:line 50
   at lambda_method(Closure , ControllerBase , Object[] )
   at System.Web.Mvc.ReflectedActionDescriptor.Execute(ControllerContext controllerContext, IDictionary`2 parameters)
   at System.Web.Mvc.ControllerActionInvoker.InvokeActionMethod(ControllerContext controllerContext, ActionDescriptor actionDescriptor, IDictionary`2 parameters)
   at System.Web.Mvc.Async.AsyncControllerActionInvoker.<BeginInvokeSynchronousActionMethod>b__39(IAsyncResult asyncResult, ActionInvocation innerInvokeState)
   at System.Web.Mvc.Async.AsyncResultWrapper.WrappedAsyncResult`2.CallEndDelegate(IAsyncResult asyncResult)
   at System.Web.Mvc.Async.AsyncControllerActionInvoker.EndInvokeActionMethod(IAsyncResult asyncResult)
   at System.Web.Mvc.Async.AsyncControllerActionInvoker.AsyncInvocationWithFilters.<InvokeActionMethodFilterAsynchronouslyRecursive>b__3d()
   at System.Web.Mvc.Async.AsyncControllerActionInvoker.AsyncInvocationWithFilters.<>c__DisplayClass46.<InvokeActionMethodFilterAsynchronouslyRecursive>b__3f()
2025-07-24 16:24:44.3595 | HYLT777-GNJ5HX3 | 34448 | w3wp | Fatal |  | | | Members.OpinionBar.Web.Filters.LoggerAttribute | /Ms/Surveys|http://dev.op.ps.com/Ms/Surveys||System.IndexOutOfRangeException: Index was outside the bounds of the array.
   at Members.PrecisionSample.Common.Security.UserData.parseCurrentUserData(String completeInputData) in F:\ps_dev_new\SDL OffShore Devlopment and Support\SDL_Dev_Branch\PS2.0 WLSites\WL.PrecisionSample\Members.PrecisionSample.Common\Security\UserData.cs:line 269
   at Members.PrecisionSample.Common.Security.UserData.ParseData(String completeInputData) in F:\ps_dev_new\SDL OffShore Devlopment and Support\SDL_Dev_Branch\PS2.0 WLSites\WL.PrecisionSample\Members.PrecisionSample.Common\Security\UserData.cs:line 246
   at Members.PrecisionSample.Common.Security.UserData..ctor(String userData) in F:\ps_dev_new\SDL OffShore Devlopment and Support\SDL_Dev_Branch\PS2.0 WLSites\WL.PrecisionSample\Members.PrecisionSample.Common\Security\UserData.cs:line 57
   at Members.PrecisionSample.Common.Security.PerSessionUserDataProvider.Retrieve(Guid userID) in F:\ps_dev_new\SDL OffShore Devlopment and Support\SDL_Dev_Branch\PS2.0 WLSites\WL.PrecisionSample\Members.PrecisionSample.Common\Security\PerSessionUserDataProvider.cs:line 36
   at Members.PrecisionSample.Common.Security.Identity.get_UserData() in F:\ps_dev_new\SDL OffShore Devlopment and Support\SDL_Dev_Branch\PS2.0 WLSites\WL.PrecisionSample\Members.PrecisionSample.Common\Security\Identity.cs:line 117
   at Members.OpinionBar.Web.Controllers.MsController.Surveys() in F:\ps_dev_new\SDL OffShore Devlopment and Support\SDL_Dev_Branch\PS2.0 WLSites\WL.PrecisionSample\Members.OpinionBar.Web\Controllers\MsController.cs:line 36
   at lambda_method(Closure , ControllerBase , Object[] )
   at System.Web.Mvc.ReflectedActionDescriptor.Execute(ControllerContext controllerContext, IDictionary`2 parameters)
   at System.Web.Mvc.ControllerActionInvoker.InvokeActionMethod(ControllerContext controllerContext, ActionDescriptor actionDescriptor, IDictionary`2 parameters)
   at System.Web.Mvc.Async.AsyncControllerActionInvoker.<BeginInvokeSynchronousActionMethod>b__39(IAsyncResult asyncResult, ActionInvocation innerInvokeState)
   at System.Web.Mvc.Async.AsyncResultWrapper.WrappedAsyncResult`2.CallEndDelegate(IAsyncResult asyncResult)
   at System.Web.Mvc.Async.AsyncControllerActionInvoker.EndInvokeActionMethod(IAsyncResult asyncResult)
   at System.Web.Mvc.Async.AsyncControllerActionInvoker.AsyncInvocationWithFilters.<InvokeActionMethodFilterAsynchronouslyRecursive>b__3d()
   at System.Web.Mvc.Async.AsyncControllerActionInvoker.AsyncInvocationWithFilters.<>c__DisplayClass46.<InvokeActionMethodFilterAsynchronouslyRecursive>b__3f()
2025-07-24 16:25:04.9061 | HYLT777-GNJ5HX3 | 34448 | w3wp | Fatal |  | | | Members.OpinionBar.Web.Filters.LoggerAttribute | /ep/GetUserData|http://dev.op.ps.com/ep/GetUserData||System.IndexOutOfRangeException: Index was outside the bounds of the array.
   at Members.PrecisionSample.Common.Security.UserData.parseCurrentUserData(String completeInputData) in F:\ps_dev_new\SDL OffShore Devlopment and Support\SDL_Dev_Branch\PS2.0 WLSites\WL.PrecisionSample\Members.PrecisionSample.Common\Security\UserData.cs:line 269
   at Members.PrecisionSample.Common.Security.UserData.ParseData(String completeInputData) in F:\ps_dev_new\SDL OffShore Devlopment and Support\SDL_Dev_Branch\PS2.0 WLSites\WL.PrecisionSample\Members.PrecisionSample.Common\Security\UserData.cs:line 246
   at Members.PrecisionSample.Common.Security.UserData..ctor(String userData) in F:\ps_dev_new\SDL OffShore Devlopment and Support\SDL_Dev_Branch\PS2.0 WLSites\WL.PrecisionSample\Members.PrecisionSample.Common\Security\UserData.cs:line 57
   at Members.PrecisionSample.Common.Security.PerSessionUserDataProvider.Retrieve(Guid userID) in F:\ps_dev_new\SDL OffShore Devlopment and Support\SDL_Dev_Branch\PS2.0 WLSites\WL.PrecisionSample\Members.PrecisionSample.Common\Security\PerSessionUserDataProvider.cs:line 36
   at Members.PrecisionSample.Common.Security.Identity.get_UserData() in F:\ps_dev_new\SDL OffShore Devlopment and Support\SDL_Dev_Branch\PS2.0 WLSites\WL.PrecisionSample\Members.PrecisionSample.Common\Security\Identity.cs:line 117
   at Members.OpinionBar.Web.Controllers.EpController.GetUserData() in F:\ps_dev_new\SDL OffShore Devlopment and Support\SDL_Dev_Branch\PS2.0 WLSites\WL.PrecisionSample\Members.OpinionBar.Web\Controllers\EpController.cs:line 50
   at lambda_method(Closure , ControllerBase , Object[] )
   at System.Web.Mvc.ReflectedActionDescriptor.Execute(ControllerContext controllerContext, IDictionary`2 parameters)
   at System.Web.Mvc.ControllerActionInvoker.InvokeActionMethod(ControllerContext controllerContext, ActionDescriptor actionDescriptor, IDictionary`2 parameters)
   at System.Web.Mvc.Async.AsyncControllerActionInvoker.<BeginInvokeSynchronousActionMethod>b__39(IAsyncResult asyncResult, ActionInvocation innerInvokeState)
   at System.Web.Mvc.Async.AsyncResultWrapper.WrappedAsyncResult`2.CallEndDelegate(IAsyncResult asyncResult)
   at System.Web.Mvc.Async.AsyncControllerActionInvoker.EndInvokeActionMethod(IAsyncResult asyncResult)
   at System.Web.Mvc.Async.AsyncControllerActionInvoker.AsyncInvocationWithFilters.<InvokeActionMethodFilterAsynchronouslyRecursive>b__3d()
   at System.Web.Mvc.Async.AsyncControllerActionInvoker.AsyncInvocationWithFilters.<>c__DisplayClass46.<InvokeActionMethodFilterAsynchronouslyRecursive>b__3f()
2025-07-24 16:29:05.4921 | HYLT777-GNJ5HX3 | 34448 | w3wp | Fatal |  | | | Members.OpinionBar.Web.Filters.LoggerAttribute | /Ms/Surveys|http://dev.op.ps.com/Ms/Surveys||System.IndexOutOfRangeException: Index was outside the bounds of the array.
   at Members.PrecisionSample.Common.Security.UserData.parseCurrentUserData(String completeInputData) in F:\ps_dev_new\SDL OffShore Devlopment and Support\SDL_Dev_Branch\PS2.0 WLSites\WL.PrecisionSample\Members.PrecisionSample.Common\Security\UserData.cs:line 269
   at Members.PrecisionSample.Common.Security.UserData.ParseData(String completeInputData) in F:\ps_dev_new\SDL OffShore Devlopment and Support\SDL_Dev_Branch\PS2.0 WLSites\WL.PrecisionSample\Members.PrecisionSample.Common\Security\UserData.cs:line 246
   at Members.PrecisionSample.Common.Security.UserData..ctor(String userData) in F:\ps_dev_new\SDL OffShore Devlopment and Support\SDL_Dev_Branch\PS2.0 WLSites\WL.PrecisionSample\Members.PrecisionSample.Common\Security\UserData.cs:line 57
   at Members.PrecisionSample.Common.Security.PerSessionUserDataProvider.Retrieve(Guid userID) in F:\ps_dev_new\SDL OffShore Devlopment and Support\SDL_Dev_Branch\PS2.0 WLSites\WL.PrecisionSample\Members.PrecisionSample.Common\Security\PerSessionUserDataProvider.cs:line 36
   at Members.PrecisionSample.Common.Security.Identity.get_UserData() in F:\ps_dev_new\SDL OffShore Devlopment and Support\SDL_Dev_Branch\PS2.0 WLSites\WL.PrecisionSample\Members.PrecisionSample.Common\Security\Identity.cs:line 117
   at Members.OpinionBar.Web.Controllers.MsController.Surveys() in F:\ps_dev_new\SDL OffShore Devlopment and Support\SDL_Dev_Branch\PS2.0 WLSites\WL.PrecisionSample\Members.OpinionBar.Web\Controllers\MsController.cs:line 36
   at lambda_method(Closure , ControllerBase , Object[] )
   at System.Web.Mvc.ReflectedActionDescriptor.Execute(ControllerContext controllerContext, IDictionary`2 parameters)
   at System.Web.Mvc.ControllerActionInvoker.InvokeActionMethod(ControllerContext controllerContext, ActionDescriptor actionDescriptor, IDictionary`2 parameters)
   at System.Web.Mvc.Async.AsyncControllerActionInvoker.<BeginInvokeSynchronousActionMethod>b__39(IAsyncResult asyncResult, ActionInvocation innerInvokeState)
   at System.Web.Mvc.Async.AsyncResultWrapper.WrappedAsyncResult`2.CallEndDelegate(IAsyncResult asyncResult)
   at System.Web.Mvc.Async.AsyncControllerActionInvoker.EndInvokeActionMethod(IAsyncResult asyncResult)
   at System.Web.Mvc.Async.AsyncControllerActionInvoker.AsyncInvocationWithFilters.<InvokeActionMethodFilterAsynchronouslyRecursive>b__3d()
   at System.Web.Mvc.Async.AsyncControllerActionInvoker.AsyncInvocationWithFilters.<>c__DisplayClass46.<InvokeActionMethodFilterAsynchronouslyRecursive>b__3f()
2025-07-24 16:29:07.6043 | HYLT777-GNJ5HX3 | 34448 | w3wp | Fatal |  | | | Members.OpinionBar.Web.Filters.LoggerAttribute | /ep/GetUserData|http://dev.op.ps.com/ep/GetUserData||System.IndexOutOfRangeException: Index was outside the bounds of the array.
   at Members.PrecisionSample.Common.Security.UserData.parseCurrentUserData(String completeInputData) in F:\ps_dev_new\SDL OffShore Devlopment and Support\SDL_Dev_Branch\PS2.0 WLSites\WL.PrecisionSample\Members.PrecisionSample.Common\Security\UserData.cs:line 269
   at Members.PrecisionSample.Common.Security.UserData.ParseData(String completeInputData) in F:\ps_dev_new\SDL OffShore Devlopment and Support\SDL_Dev_Branch\PS2.0 WLSites\WL.PrecisionSample\Members.PrecisionSample.Common\Security\UserData.cs:line 246
   at Members.PrecisionSample.Common.Security.UserData..ctor(String userData) in F:\ps_dev_new\SDL OffShore Devlopment and Support\SDL_Dev_Branch\PS2.0 WLSites\WL.PrecisionSample\Members.PrecisionSample.Common\Security\UserData.cs:line 57
   at Members.PrecisionSample.Common.Security.PerSessionUserDataProvider.Retrieve(Guid userID) in F:\ps_dev_new\SDL OffShore Devlopment and Support\SDL_Dev_Branch\PS2.0 WLSites\WL.PrecisionSample\Members.PrecisionSample.Common\Security\PerSessionUserDataProvider.cs:line 36
   at Members.PrecisionSample.Common.Security.Identity.get_UserData() in F:\ps_dev_new\SDL OffShore Devlopment and Support\SDL_Dev_Branch\PS2.0 WLSites\WL.PrecisionSample\Members.PrecisionSample.Common\Security\Identity.cs:line 117
   at Members.OpinionBar.Web.Controllers.EpController.GetUserData() in F:\ps_dev_new\SDL OffShore Devlopment and Support\SDL_Dev_Branch\PS2.0 WLSites\WL.PrecisionSample\Members.OpinionBar.Web\Controllers\EpController.cs:line 50
   at lambda_method(Closure , ControllerBase , Object[] )
   at System.Web.Mvc.ReflectedActionDescriptor.Execute(ControllerContext controllerContext, IDictionary`2 parameters)
   at System.Web.Mvc.ControllerActionInvoker.InvokeActionMethod(ControllerContext controllerContext, ActionDescriptor actionDescriptor, IDictionary`2 parameters)
   at System.Web.Mvc.Async.AsyncControllerActionInvoker.<BeginInvokeSynchronousActionMethod>b__39(IAsyncResult asyncResult, ActionInvocation innerInvokeState)
   at System.Web.Mvc.Async.AsyncResultWrapper.WrappedAsyncResult`2.CallEndDelegate(IAsyncResult asyncResult)
   at System.Web.Mvc.Async.AsyncControllerActionInvoker.EndInvokeActionMethod(IAsyncResult asyncResult)
   at System.Web.Mvc.Async.AsyncControllerActionInvoker.AsyncInvocationWithFilters.<InvokeActionMethodFilterAsynchronouslyRecursive>b__3d()
   at System.Web.Mvc.Async.AsyncControllerActionInvoker.AsyncInvocationWithFilters.<>c__DisplayClass46.<InvokeActionMethodFilterAsynchronouslyRecursive>b__3f()
