2024-02-16 20:22:49.4526|FATAL|Members.PrecisionSample.EndLinks.Filters.LoggerAttribute|http://dev.affiliate.endlinks.com/e/interstitial?ug=1035be11-8ace-46be-9f4d-8f921dc2a5c0&uig=776725a5-fb37-4b5c-8541-0d5671e8e37c&cid=63&cc=en&fc=n|http://dev.affiliate.endlinks.com/e/interstitial?ug=1035be11-8ace-46be-9f4d-8f921dc2a5c0&uig=776725a5-fb37-4b5c-8541-0d5671e8e37c&cid=63&cc=en&fc=n|__RequestVerificationToken=rvXMZH-un6H_LluSLN6TrK9qzxqjhIdjgQk8Ateux2tv8OCsoElhb5gQjNlrgE6OFZViykSvuKMXvxJ2mryYHXpqQwsGYQBBLIfc5_0EWc41&g-recaptcha-response=03AFcWeA4D9aE55l-5DDz_FkkkFes-8mR59bCS9JCT_Mnmqj_u9GgC754bz1H_qq_1mZDUgZStnCgRuX3RySaxjyNshHOD0yJMvs270F1kkFMlYF-L86QTBXt0rD7R0nxCjCsKvn5mrwWCENENsn4X6XwS1GTGeAolq11S9QY--BMgRV20ytaJkmZ-bOolK0Axnr2_-Yq4YAENDED8eN0TCxAFFS_xzWU0xcBLGkc_lwwxzUrbBRfOBwA8P1voDJUAsBwdo-G3fibTSJb-Lq6ngBEJbDNbwA_9kckcTjqfCB_AwQVLEkfvp_y8ETPf8EPhVoQoUKXqZeMjpgv4VWVmYdPFMyOZMKqHTA2lXWJ_ZGnxyDz0AIz5cthZ-U3u6Q_XQ_JCiVrQkW7KFAYeK2WmE2HACCI1E4jtXS-8dHfa0nuzKb3wIOz3X4hhQoyOAEha480sieLZbUGgORUWxRNkggaM9jQNhqjGDiR_H2VsSHUAJchMZRmq-GyGwG5STM2QfL4YwxYoCL76DPRgaEWMBDDzx0pqQXzPLYLi_OjeoWbcGww3MOygKjrCG3-p-tTwww7i8o5igjqet8KuY80a34zg_qmDck8b9X6rbe1hPG4tutNlAsIWzvSbaW0Kmqi33TCaVE3-fYOLNfewpML46UeDXyJ-zkHZOQUFGmiaH2Qh5yInRhY1iRbisb1M-X1D2HC6NtT2-547|System.ArgumentException: Value cannot be null or empty.
Parameter name: url
   at System.Web.Mvc.Controller.Redirect(String url)
   at Members.PrecisionSample.EndLinks.Controllers.EController.interstitial(Guid ug, Guid uig, String re, String re1, Int32 cid, String cc, String fc, Boolean gdprtermsandconditions) in D:\Projects\SDL OffShore Devlopment and Support\SDL_Prod\PS2.0 WLSites\WL.PrecisionSample\Members.PrecisionSample.EndLinks\Controllers\EController.cs:line 1182
   at lambda_method(Closure , ControllerBase , Object[] )
   at System.Web.Mvc.ReflectedActionDescriptor.Execute(ControllerContext controllerContext, IDictionary`2 parameters)
   at System.Web.Mvc.ControllerActionInvoker.InvokeActionMethod(ControllerContext controllerContext, ActionDescriptor actionDescriptor, IDictionary`2 parameters)
   at System.Web.Mvc.Async.AsyncControllerActionInvoker.<BeginInvokeSynchronousActionMethod>b__39(IAsyncResult asyncResult, ActionInvocation innerInvokeState)
   at System.Web.Mvc.Async.AsyncResultWrapper.WrappedAsyncResult`2.CallEndDelegate(IAsyncResult asyncResult)
   at System.Web.Mvc.Async.AsyncControllerActionInvoker.EndInvokeActionMethod(IAsyncResult asyncResult)
   at System.Web.Mvc.Async.AsyncControllerActionInvoker.AsyncInvocationWithFilters.<InvokeActionMethodFilterAsynchronouslyRecursive>b__3d()
   at System.Web.Mvc.Async.AsyncControllerActionInvoker.AsyncInvocationWithFilters.<>c__DisplayClass46.<InvokeActionMethodFilterAsynchronouslyRecursive>b__3f()
2024-02-16 20:22:49.4526|FATAL|Members.PrecisionSample.EndLinks.Filters.LoggerAttribute|http://dev.affiliate.endlinks.com/e/interstitial?ug=1035be11-8ace-46be-9f4d-8f921dc2a5c0&uig=776725a5-fb37-4b5c-8541-0d5671e8e37c&cid=63&cc=en&fc=n|http://dev.affiliate.endlinks.com/e/interstitial?ug=1035be11-8ace-46be-9f4d-8f921dc2a5c0&uig=776725a5-fb37-4b5c-8541-0d5671e8e37c&cid=63&cc=en&fc=n|__RequestVerificationToken=rvXMZH-un6H_LluSLN6TrK9qzxqjhIdjgQk8Ateux2tv8OCsoElhb5gQjNlrgE6OFZViykSvuKMXvxJ2mryYHXpqQwsGYQBBLIfc5_0EWc41&g-recaptcha-response=03AFcWeA5r6TXZqHOtIbLk_4pi2OSIuxz9XyCFE7kWeCvRup9VajYcRmxNVsiM8qRnYd5QUenOFGK-fLyNIJibFRxivsYTUuw2Rd6ejtxSDme82WsMOZdlflGayoCOg01yWsfsuGtmn7lAd61zdjX8R21Fkaa74cuLOWeJvj19LHqS5-zL6YigyiIcm3LUMazS-U6yCOXRYTBb4SSWIDIotTl9tVCD0XeKxZ_G_oJmWJN6U6l1YShyD09kCMk2zruvPr_8iLXUEmlqbIU_daq0MK5QY0Pyvw7HGAqb-lARBdgUv7yDUyGQw5rPiCDTYeBSXEUF0VMm1MKmeUWuAOgl5_NMZGKk5aQ82gP7vkZyO-plCGLX0qUBMw_4XKV8QaVr4VupocNuZSodzugOaLEQc9jDToeTA5Y7HWUIk1PYxnOVoOBmDYiVhQVUUPmFaRd55gJt9vwvMVuvTqiVkYh_NZhp8DfnSIvDym4S1czL1pFCqKq5zqab1R1lsG0_S1hQ8BNgoxMBT7FuMeTN7K9U5kyl4dbbsoEhpxuXTKll8iLuVI0g-jFznaPCQSgavtS2ko3HiTVZyOqlE3ExxTRviY9_RLVc6zMTsW2HzfR8B6c_01pWOVv4ihJZY4Ne0Yno2XBvVzQNyimczADFd5ylDrXlX8Wrxc6HzK-b3IOvSR6POqe2RiZH2KrA6mcieDF6Hez7WTfND3JE|System.ArgumentException: Value cannot be null or empty.
Parameter name: url
   at System.Web.Mvc.Controller.Redirect(String url)
   at Members.PrecisionSample.EndLinks.Controllers.EController.interstitial(Guid ug, Guid uig, String re, String re1, Int32 cid, String cc, String fc, Boolean gdprtermsandconditions) in D:\Projects\SDL OffShore Devlopment and Support\SDL_Prod\PS2.0 WLSites\WL.PrecisionSample\Members.PrecisionSample.EndLinks\Controllers\EController.cs:line 1182
   at lambda_method(Closure , ControllerBase , Object[] )
   at System.Web.Mvc.ReflectedActionDescriptor.Execute(ControllerContext controllerContext, IDictionary`2 parameters)
   at System.Web.Mvc.ControllerActionInvoker.InvokeActionMethod(ControllerContext controllerContext, ActionDescriptor actionDescriptor, IDictionary`2 parameters)
   at System.Web.Mvc.Async.AsyncControllerActionInvoker.<BeginInvokeSynchronousActionMethod>b__39(IAsyncResult asyncResult, ActionInvocation innerInvokeState)
   at System.Web.Mvc.Async.AsyncResultWrapper.WrappedAsyncResult`2.CallEndDelegate(IAsyncResult asyncResult)
   at System.Web.Mvc.Async.AsyncControllerActionInvoker.EndInvokeActionMethod(IAsyncResult asyncResult)
   at System.Web.Mvc.Async.AsyncControllerActionInvoker.AsyncInvocationWithFilters.<InvokeActionMethodFilterAsynchronouslyRecursive>b__3d()
   at System.Web.Mvc.Async.AsyncControllerActionInvoker.AsyncInvocationWithFilters.<>c__DisplayClass46.<InvokeActionMethodFilterAsynchronouslyRecursive>b__3f()
2024-02-16 20:49:27.1832|FATAL|Members.PrecisionSample.EndLinks.Filters.LoggerAttribute|http://dev.affiliate.endlinks.com/e/interstitial?ug=3200e530-f5d6-4741-aa0d-5e0f622f5197&uig=058435b9-33e3-4755-8bf7-209e2fcac51a&cid=491&cc=en&fc=n|http://dev.affiliate.endlinks.com/e/interstitial?ug=3200e530-f5d6-4741-aa0d-5e0f622f5197&uig=058435b9-33e3-4755-8bf7-209e2fcac51a&cid=491&cc=en&fc=n|__RequestVerificationToken=VKeFJUiXWv8nXJc5d7pGe5IDxc2zaeYtYfTfct7MdY-D3txo_8xNpNp94x8EgziCXLcjrcNPJ3zXpqB3e_meMjoUQXKqZjH5ZuKFANEjIes1&g-recaptcha-response=03AFcWeA7_4wl7zA8I-UC85JVlQ-mSV528WuSMvPegId7eqE0sP5DoEtcmhlhLb0z5-H_3jxa5rnOYKwOxs59LJCZuLsvwcsRHqTg2hGPBLvCGtcI0dTrAYbb-kO8xKVVzwkFEkQMI5SNGq2gd823Z6OY1W0hzPZChptUhc8_b1iTblViaJGUX4BEUvNpFR47cPFnmnEIf3vx9rr4bR60Dge28g7eiNEsBCw5haF0AW1EV8dpDt6dYSGgHfDUO9vgtWbttqB2vka9yZYoE9wb8U6kIyutn2HQ825Fx1HBnpuL46Uu38IosS3BB3AQ6HlXKWG5vdxPB4I5jah2OAHkt9HjxJWbOoimS-OKKrB4K3JgF2JHiiSpaqxNFKRLOShl9bknui1rnoMRb0v-58pAYpbej2y83ydEof_bfwbkFMUwqRpNEI_RLJR5wIPrLMefaL__L2l0Ics8uL6sqDgIXkgKBNgaZKHJppI_x8kpN-4xIQmabTyARD2iu1XICZCKf6od9ldaR92T-U51lwcAk6NFujb17vqEn2z0xCPhuv4pWcx84KOkS8CctsXi3QbsVBfvCn1LA-HIclpJDUSpWgZKGYAF3cZ0XLV900ByEVLsxkkL1e1bWTfVO_smiT_w8_hne3kzH8R1cB_F0DlTolgbCdfb5E3tLzC56lUFugIl6yLV2EHK0Yx4My146BTXnexR-g3ZeC8z-|System.ArgumentException: Value cannot be null or empty.
Parameter name: url
   at System.Web.Mvc.Controller.Redirect(String url)
   at Members.PrecisionSample.EndLinks.Controllers.EController.interstitial(Guid ug, Guid uig, String re, String re1, Int32 cid, String cc, String fc, Boolean gdprtermsandconditions) in D:\Projects\SDL OffShore Devlopment and Support\SDL_Prod\PS2.0 WLSites\WL.PrecisionSample\Members.PrecisionSample.EndLinks\Controllers\EController.cs:line 1182
   at lambda_method(Closure , ControllerBase , Object[] )
   at System.Web.Mvc.ReflectedActionDescriptor.Execute(ControllerContext controllerContext, IDictionary`2 parameters)
   at System.Web.Mvc.ControllerActionInvoker.InvokeActionMethod(ControllerContext controllerContext, ActionDescriptor actionDescriptor, IDictionary`2 parameters)
   at System.Web.Mvc.Async.AsyncControllerActionInvoker.<BeginInvokeSynchronousActionMethod>b__39(IAsyncResult asyncResult, ActionInvocation innerInvokeState)
   at System.Web.Mvc.Async.AsyncResultWrapper.WrappedAsyncResult`2.CallEndDelegate(IAsyncResult asyncResult)
   at System.Web.Mvc.Async.AsyncControllerActionInvoker.EndInvokeActionMethod(IAsyncResult asyncResult)
   at System.Web.Mvc.Async.AsyncControllerActionInvoker.AsyncInvocationWithFilters.<InvokeActionMethodFilterAsynchronouslyRecursive>b__3d()
   at System.Web.Mvc.Async.AsyncControllerActionInvoker.AsyncInvocationWithFilters.<>c__DisplayClass46.<InvokeActionMethodFilterAsynchronouslyRecursive>b__3f()
2024-02-16 20:54:37.0953|FATAL|Members.PrecisionSample.EndLinks.Filters.LoggerAttribute|http://dev.affiliate.endlinks.com/e/interstitial?ug=3200e530-f5d6-4741-aa0d-5e0f622f5197&uig=058435b9-33e3-4755-8bf7-209e2fcac51a&cid=491&cc=en&fc=n|http://dev.affiliate.endlinks.com/e/interstitial?ug=3200e530-f5d6-4741-aa0d-5e0f622f5197&uig=058435b9-33e3-4755-8bf7-209e2fcac51a&cid=491&cc=en&fc=n|__RequestVerificationToken=heRjVUD1Z4spHZ1xYt4Iw2gwUs6MLuGR1_gY9pm2TQFOdHwOeLO1IaEPP4eFdE9QTBF3jENuFVQcPSvli9xqXDemyBakOACndzW3mETEdwI1&g-recaptcha-response=03AFcWeA4Yy3nrthocee9dbJPEGonaVs-p0gOXG5dBa8P5DiWlkTyRctNEypDJgWuNOh6DOKrS6py9_p4p8PUU5uc8YRSUiw5aZyH_ijfuOmmUCAiPe_fvNryYyDadmc2XsTaG2SWOGqhr2TYgUEISeaWzWwKOFGqXicKa2s5jnsfLoaqAzL0A_NVXioqHQT4-wKf14dtkO3ZC3UXlk7DkMsvUKB-sGkwxf2j0vriO-IXEFg3VDfSnNr1I3cfwer8UwxTfemiW6LBBdWK03NCkWxUaed1E_Zs18r-1gHpuhCpnaJEz7KzNVTQgAWV9BWKKuUsf7IzaPyCcX-YJufkYPK1vky5dlJAgfKFB2vUyU2lgcJ8loCDnmNzw4w0p6QM_Z96m1py5eKo0RrIpWH6k8VX2drLtsesgMNsEuQh4mZslK8pIInuvJKOKErsnDHZi7fMx8nebnXGvoL-n3BJed3n6R5AOxhygX5KiYAg-S1cHUk9zksE6Q0Bk8OFcyWJ2VcDaefmx3VvhlocCh9gb9_a0Gw3lE8kcKzPU9c1mCYAKAo5sFOpYspBDSPNqzxc83VyiohKvuoWywGZJETGROzhCEBorQLJToRC5U64Euih5Nw2n5zvD1v1pHMDwtHDJoa5kZ5NWjgHRXvWvIU7hYRSNpm1R322rHaYKC4X9VkIawH2SVvOcabXuzoUfIPhIDYVPqz43ST4P|System.ArgumentException: Value cannot be null or empty.
Parameter name: url
   at System.Web.Mvc.Controller.Redirect(String url)
   at Members.PrecisionSample.EndLinks.Controllers.EController.interstitial(Guid ug, Guid uig, String re, String re1, Int32 cid, String cc, String fc, Boolean gdprtermsandconditions) in D:\Projects\SDL OffShore Devlopment and Support\SDL_Prod\PS2.0 WLSites\WL.PrecisionSample\Members.PrecisionSample.EndLinks\Controllers\EController.cs:line 1182
   at lambda_method(Closure , ControllerBase , Object[] )
   at System.Web.Mvc.ReflectedActionDescriptor.Execute(ControllerContext controllerContext, IDictionary`2 parameters)
   at System.Web.Mvc.ControllerActionInvoker.InvokeActionMethod(ControllerContext controllerContext, ActionDescriptor actionDescriptor, IDictionary`2 parameters)
   at System.Web.Mvc.Async.AsyncControllerActionInvoker.<BeginInvokeSynchronousActionMethod>b__39(IAsyncResult asyncResult, ActionInvocation innerInvokeState)
   at System.Web.Mvc.Async.AsyncResultWrapper.WrappedAsyncResult`2.CallEndDelegate(IAsyncResult asyncResult)
   at System.Web.Mvc.Async.AsyncControllerActionInvoker.EndInvokeActionMethod(IAsyncResult asyncResult)
   at System.Web.Mvc.Async.AsyncControllerActionInvoker.AsyncInvocationWithFilters.<InvokeActionMethodFilterAsynchronouslyRecursive>b__3d()
   at System.Web.Mvc.Async.AsyncControllerActionInvoker.AsyncInvocationWithFilters.<>c__DisplayClass46.<InvokeActionMethodFilterAsynchronouslyRecursive>b__3f()
